<?xml version="1.0" encoding="UTF-8"?>
<testsuites name="CURA_TEST_SUITE_001" time="16.83" tests="1" failures="0" errors="0">
   <testsuite name="CURA_TEST_SUITE_001" tests="1" failures="0" errors="0" time="16.83" skipped="0" timestamp="14-01-2024T12:11:31" hostname="user - DESKTOP-O3U1HA2" id="Test Suites/CURA_TEST_SUITE/CURA_TEST_SUITE_001">
      <properties>
         <property name="deviceName" value=""/>
         <property name="devicePlatform" value=""/>
         <property name="logFolder" value="C:\\Users\\user\\git\\KATALON_CURA_0.2\\Reports\\20240114_121128\\CURA_TEST_SUITE\\CURA_TEST_SUITE_001\\20240114_121128"/>
         <property name="logFiles" value="C:\\Users\\user\\git\\KATALON_CURA_0.2\\Reports\\20240114_121128\\CURA_TEST_SUITE\\CURA_TEST_SUITE_001\\20240114_121128\\execution0.log"/>
         <property name="attachments" value=""/>
         <property name="hostName" value="user - DESKTOP-O3U1HA2"/>
         <property name="os" value="Windows 11 64bit"/>
         <property name="katalonVersion" value="9.2.0.212"/>
         <property name="browser" value="Chrome 120.0.0.0"/>
         <property name="hostAddress" value="192.168.1.7"/>
         <property name="sessionId" value="64115357a41a63386263f552f30efbcc"/>
         <property name="seleniumVersion" value="3.141.59"/>
         <property name="proxyInformation" value="ProxyInformation { proxyOption=NO_PROXY, proxyServerType=HTTP, username=, password=********, proxyServerAddress=, proxyServerPort=0, executionList=&quot;&quot;, isApplyToDesiredCapabilities=true }"/>
         <property name="platform" value="Windows 11"/>
      </properties>
      <testcase name="Test Cases/CURA_PROJECT/CURA_TEST_CASE_001" time="16.625" classname="Test Cases/CURA_PROJECT/CURA_TEST_CASE_001" status="PASSED">
         <system-out><![CDATA[14-01-2024T12:11:32 - [TEST_CASE][PASSED] - Test Cases/CURA_PROJECT/CURA_TEST_CASE_001: Test Cases/CURA_PROJECT/CURA_TEST_CASE_001

14-01-2024T12:11:32 - [TEST_STEP][PASSED] - openBrowser(""): Browser is opened with url: ''

14-01-2024T12:11:32 - [MESSAGE][INFO] - Starting 'Chrome' driver

14-01-2024T12:11:32 - [MESSAGE][INFO] - Action delay is set to 0 milliseconds

14-01-2024T12:11:34 - [MESSAGE][PASSED] - Browser is opened with url: ''

14-01-2024T12:11:34 - [TEST_STEP][PASSED] - navigateToUrl("https://katalon-demo-cura.herokuapp.com/"): Navigate to 'https://katalon-demo-cura.herokuapp.com/' successfully

14-01-2024T12:11:38 - [MESSAGE][PASSED] - Navigate to 'https://katalon-demo-cura.herokuapp.com/' successfully

14-01-2024T12:11:38 - [TEST_STEP][PASSED] - click(findTestObject("Object Repository/CURA_OR_001/Page_CURA Healthcare Service/a_Make Appointment")): Object: 'Object Repository/CURA_OR_001/Page_CURA Healthcare Service/a_Make Appointment' is clicked on

14-01-2024T12:11:39 - [MESSAGE][PASSED] - Object: 'Object Repository/CURA_OR_001/Page_CURA Healthcare Service/a_Make Appointment' is clicked on

14-01-2024T12:11:39 - [TEST_STEP][PASSED] - click(findTestObject("Object Repository/CURA_OR_001/Page_CURA Healthcare Service/input_form-control")): Object: 'Object Repository/CURA_OR_001/Page_CURA Healthcare Service/input_form-control' is clicked on

14-01-2024T12:11:39 - [MESSAGE][PASSED] - Object: 'Object Repository/CURA_OR_001/Page_CURA Healthcare Service/input_form-control' is clicked on

14-01-2024T12:11:39 - [TEST_STEP][PASSED] - setText(findTestObject("Object Repository/CURA_OR_001/Page_CURA Healthcare Service/input_username"), "John Doe"): Text 'John Doe' is set on object 'Object Repository/CURA_OR_001/Page_CURA Healthcare Service/input_username'

14-01-2024T12:11:40 - [MESSAGE][PASSED] - Text 'John Doe' is set on object 'Object Repository/CURA_OR_001/Page_CURA Healthcare Service/input_username'

14-01-2024T12:11:40 - [TEST_STEP][PASSED] - click(findTestObject("Object Repository/CURA_OR_001/Page_CURA Healthcare Service/spandemo_password_label")): Object: 'Object Repository/CURA_OR_001/Page_CURA Healthcare Service/spandemo_password_label' is clicked on

14-01-2024T12:11:40 - [MESSAGE][PASSED] - Object: 'Object Repository/CURA_OR_001/Page_CURA Healthcare Service/spandemo_password_label' is clicked on

14-01-2024T12:11:40 - [TEST_STEP][PASSED] - setEncryptedText(findTestObject("Object Repository/CURA_OR_001/Page_CURA Healthcare Service/input_password"), "g3/DOGG74jC3Flrr3yH+3D/yKbOqqUNM"): Text ****** has been set on object 'Object Repository/CURA_OR_001/Page_CURA Healthcare Service/input_password'

14-01-2024T12:11:41 - [MESSAGE][PASSED] - Text ****** has been set on object 'Object Repository/CURA_OR_001/Page_CURA Healthcare Service/input_password'

14-01-2024T12:11:41 - [TEST_STEP][PASSED] - click(findTestObject("Object Repository/CURA_OR_001/Page_CURA Healthcare Service/button_Login")): Object: 'Object Repository/CURA_OR_001/Page_CURA Healthcare Service/button_Login' is clicked on

14-01-2024T12:11:42 - [MESSAGE][PASSED] - Object: 'Object Repository/CURA_OR_001/Page_CURA Healthcare Service/button_Login' is clicked on

14-01-2024T12:11:42 - [TEST_STEP][PASSED] - selectOptionByValue(findTestObject("Object Repository/CURA_OR_001/Page_CURA Healthcare Service/select_Tokyo CURA Healthcare Center        _5b4107"), "Hongkong CURA Healthcare Center", true): All options with value 'Hongkong CURA Healthcare Center' are selected in object 'Object Repository/CURA_OR_001/Page_CURA Healthcare Service/select_Tokyo CURA Healthcare Center        _5b4107'  using regular expression

14-01-2024T12:11:43 - [MESSAGE][PASSED] - All options with value 'Hongkong CURA Healthcare Center' are selected in object 'Object Repository/CURA_OR_001/Page_CURA Healthcare Service/select_Tokyo CURA Healthcare Center        _5b4107'  using regular expression

14-01-2024T12:11:43 - [TEST_STEP][PASSED] - click(findTestObject("Object Repository/CURA_OR_001/Page_CURA Healthcare Service/input_programs")): Object: 'Object Repository/CURA_OR_001/Page_CURA Healthcare Service/input_programs' is clicked on

14-01-2024T12:11:43 - [MESSAGE][PASSED] - Object: 'Object Repository/CURA_OR_001/Page_CURA Healthcare Service/input_programs' is clicked on

14-01-2024T12:11:43 - [TEST_STEP][PASSED] - click(findTestObject("Object Repository/CURA_OR_001/Page_CURA Healthcare Service/span_glyphicon glyphicon-calendar")): Object: 'Object Repository/CURA_OR_001/Page_CURA Healthcare Service/span_glyphicon glyphicon-calendar' is clicked on

14-01-2024T12:11:43 - [MESSAGE][PASSED] - Object: 'Object Repository/CURA_OR_001/Page_CURA Healthcare Service/span_glyphicon glyphicon-calendar' is clicked on

14-01-2024T12:11:43 - [TEST_STEP][PASSED] - click(findTestObject("Object Repository/CURA_OR_001/Page_CURA Healthcare Service/td_25")): Object: 'Object Repository/CURA_OR_001/Page_CURA Healthcare Service/td_25' is clicked on

14-01-2024T12:11:44 - [MESSAGE][PASSED] - Object: 'Object Repository/CURA_OR_001/Page_CURA Healthcare Service/td_25' is clicked on

14-01-2024T12:11:44 - [TEST_STEP][PASSED] - setText(findTestObject("Object Repository/CURA_OR_001/Page_CURA Healthcare Service/textarea_comment"), "FOR CONSULTATION"): Text 'FOR CONSULTATION' is set on object 'Object Repository/CURA_OR_001/Page_CURA Healthcare Service/textarea_comment'

14-01-2024T12:11:45 - [MESSAGE][PASSED] - Text 'FOR CONSULTATION' is set on object 'Object Repository/CURA_OR_001/Page_CURA Healthcare Service/textarea_comment'

14-01-2024T12:11:45 - [TEST_STEP][PASSED] - click(findTestObject("Object Repository/CURA_OR_001/Page_CURA Healthcare Service/button_Book Appointment")): Object: 'Object Repository/CURA_OR_001/Page_CURA Healthcare Service/button_Book Appointment' is clicked on

14-01-2024T12:11:45 - [MESSAGE][PASSED] - Object: 'Object Repository/CURA_OR_001/Page_CURA Healthcare Service/button_Book Appointment' is clicked on

14-01-2024T12:11:45 - [TEST_STEP][PASSED] - click(findTestObject("Object Repository/CURA_OR_001/Page_CURA Healthcare Service/i_fa fa-bars")): Object: 'Object Repository/CURA_OR_001/Page_CURA Healthcare Service/i_fa fa-bars' is clicked on

14-01-2024T12:11:46 - [MESSAGE][PASSED] - Object: 'Object Repository/CURA_OR_001/Page_CURA Healthcare Service/i_fa fa-bars' is clicked on

14-01-2024T12:11:46 - [TEST_STEP][PASSED] - click(findTestObject("Object Repository/CURA_OR_001/Page_CURA Healthcare Service/a_History")): Object: 'Object Repository/CURA_OR_001/Page_CURA Healthcare Service/a_History' is clicked on

14-01-2024T12:11:46 - [MESSAGE][PASSED] - Object: 'Object Repository/CURA_OR_001/Page_CURA Healthcare Service/a_History' is clicked on

14-01-2024T12:11:46 - [TEST_STEP][PASSED] - click(findTestObject("Object Repository/CURA_OR_001/Page_CURA Healthcare Service/i_fa fa-bars")): Object: 'Object Repository/CURA_OR_001/Page_CURA Healthcare Service/i_fa fa-bars' is clicked on

14-01-2024T12:11:47 - [MESSAGE][PASSED] - Object: 'Object Repository/CURA_OR_001/Page_CURA Healthcare Service/i_fa fa-bars' is clicked on

14-01-2024T12:11:47 - [TEST_STEP][PASSED] - click(findTestObject("Object Repository/CURA_OR_001/Page_CURA Healthcare Service/a_Logout")): Object: 'Object Repository/CURA_OR_001/Page_CURA Healthcare Service/a_Logout' is clicked on

14-01-2024T12:11:48 - [MESSAGE][PASSED] - Object: 'Object Repository/CURA_OR_001/Page_CURA Healthcare Service/a_Logout' is clicked on

14-01-2024T12:11:48 - [TEST_STEP][PASSED] - closeBrowser(): Browser is closed

14-01-2024T12:11:48 - [MESSAGE][PASSED] - Browser is closed]]></system-out>
         <system-err><![CDATA[]]></system-err>
      </testcase>
      <system-out><![CDATA[14-01-2024T12:11:31 - [TEST_SUITE][PASSED] - CURA_TEST_SUITE_001: Test Cases/CURA_PROJECT/CURA_TEST_CASE_001]]></system-out>
      <system-err><![CDATA[]]></system-err>
   </testsuite>
</testsuites>
